<?xml version="1.0" encoding="UTF-8"?>
<testsuite xmlns:xsi="http://www.w3.org/2001/XMLSchema-instance" xsi:noNamespaceSchemaLocation="https://maven.apache.org/surefire/maven-surefire-plugin/xsd/surefire-test-report.xsd" name="TestSuite" time="69.998" tests="1" errors="0" skipped="0" failures="1">
  <properties>
[...]
</properties>
  <testcase name="feature" classname="TestRunner.TestRunner" time="65.734">
    <failure message="org.openqa.selenium.WebDriverException: Reached error page: about:neterror?e=dnsNotFound&amp;u=http%3A//www.newtours.demoaut.com/&amp;c=UTF-8&amp;d=We%20can%E2%80%99t%20connect%20to%20the%20server%20at%20www.newtours.demoaut.com.&#10;Build info: version: &apos;3.11.0&apos;, revision: &apos;e59cfb3&apos;, time: &apos;2018-03-11T20:26:55.152Z&apos;&#10;System info: host: &apos;DESKTOP-7VEO2OS&apos;, ip: &apos;172.20.10.3&apos;, os.name: &apos;Windows 10&apos;, os.arch: &apos;amd64&apos;, os.version: &apos;10.0&apos;, java.version: &apos;11.0.2&apos;&#10;Driver info: org.openqa.selenium.firefox.FirefoxDriver&#10;Capabilities {acceptInsecureCerts: true, browserName: firefox, browserVersion: 77.0.1, javascriptEnabled: true, moz:accessibilityChecks: false, moz:buildID: 20200602222727, moz:geckodriverVersion: 0.26.0, moz:headless: false, moz:processID: 17176, moz:profile: C:\Users\Sai Deepika\AppDat..., moz:shutdownTimeout: 60000, moz:useNonSpecCompliantPointerOrigin: false, moz:webdriverClick: true, pageLoadStrategy: normal, platform: WINDOWS, platformName: WINDOWS, platformVersion: 10.0, rotatable: false, setWindowRect: true, strictFileInteractability: false, timeouts: {implicit: 0, pageLoad: 300000, script: 30000}, unhandledPromptBehavior: dismiss and notify}&#10;Session ID: 9d296aef-9ea2-4362-8ceb-83705347def9" type="cucumber.runtime.CucumberException"><![CDATA[cucumber.runtime.CucumberException: 
org.openqa.selenium.WebDriverException: Reached error page: about:neterror?e=dnsNotFound&u=http%3A//www.newtours.demoaut.com/&c=UTF-8&d=We%20can%E2%80%99t%20connect%20to%20the%20server%20at%20www.newtours.demoaut.com.
Build info: version: '3.11.0', revision: 'e59cfb3', time: '2018-03-11T20:26:55.152Z'
System info: host: 'DESKTOP-7VEO2OS', ip: '172.20.10.3', os.name: 'Windows 10', os.arch: 'amd64', os.version: '10.0', java.version: '11.0.2'
Driver info: org.openqa.selenium.firefox.FirefoxDriver
Capabilities {acceptInsecureCerts: true, browserName: firefox, browserVersion: 77.0.1, javascriptEnabled: true, moz:accessibilityChecks: false, moz:buildID: 20200602222727, moz:geckodriverVersion: 0.26.0, moz:headless: false, moz:processID: 17176, moz:profile: C:\Users\Sai Deepika\AppDat..., moz:shutdownTimeout: 60000, moz:useNonSpecCompliantPointerOrigin: false, moz:webdriverClick: true, pageLoadStrategy: normal, platform: WINDOWS, platformName: WINDOWS, platformVersion: 10.0, rotatable: false, setWindowRect: true, strictFileInteractability: false, timeouts: {implicit: 0, pageLoad: 300000, script: 30000}, unhandledPromptBehavior: dismiss and notify}
Session ID: 9d296aef-9ea2-4362-8ceb-83705347def9
	at TestRunner.TestRunner.feature(TestRunner.java:29)
Caused by: org.openqa.selenium.WebDriverException: 
Reached error page: about:neterror?e=dnsNotFound&u=http%3A//www.newtours.demoaut.com/&c=UTF-8&d=We%20can%E2%80%99t%20connect%20to%20the%20server%20at%20www.newtours.demoaut.com.
Build info: version: '3.11.0', revision: 'e59cfb3', time: '2018-03-11T20:26:55.152Z'
System info: host: 'DESKTOP-7VEO2OS', ip: '172.20.10.3', os.name: 'Windows 10', os.arch: 'amd64', os.version: '10.0', java.version: '11.0.2'
Driver info: org.openqa.selenium.firefox.FirefoxDriver
Capabilities {acceptInsecureCerts: true, browserName: firefox, browserVersion: 77.0.1, javascriptEnabled: true, moz:accessibilityChecks: false, moz:buildID: 20200602222727, moz:geckodriverVersion: 0.26.0, moz:headless: false, moz:processID: 17176, moz:profile: C:\Users\Sai Deepika\AppDat..., moz:shutdownTimeout: 60000, moz:useNonSpecCompliantPointerOrigin: false, moz:webdriverClick: true, pageLoadStrategy: normal, platform: WINDOWS, platformName: WINDOWS, platformVersion: 10.0, rotatable: false, setWindowRect: true, strictFileInteractability: false, timeouts: {implicit: 0, pageLoad: 300000, script: 30000}, unhandledPromptBehavior: dismiss and notify}
Session ID: 9d296aef-9ea2-4362-8ceb-83705347def9
]]></failure>
    <system-out><![CDATA[[TestNGContentHandler] [WARN] It is strongly recommended to add "<!DOCTYPE suite SYSTEM "http://testng.org/testng-1.0.dtd" >" at the top of your file, otherwise TestNG may fail or not work as expected.
Feature: Test Facebook Smoke Scenarios

  Scenario Outline: Test Facebook with valid Creditionals &amp#27;[90m# src/test/resources/Feature/login.feature:4&amp#27;[0m
    &amp#27;[36mGiven &amp#27;[0m&amp#27;[36mOpen firefox and start application&amp#27;[0m
    &amp#27;[36mWhen &amp#27;[0m&amp#27;[36mI provide valid "<Username>" and "<Password>"&amp#27;[0m
    &amp#27;[36mThen &amp#27;[0m&amp#27;[36mUser should be able to login successfully&amp#27;[0m
    &amp#27;[36mThen &amp#27;[0m&amp#27;[36mApplication closed&amp#27;[0m

    Examples: 

  Scenario Outline: Test Facebook with valid Creditionals &amp#27;[90m# src/test/resources/Feature/login.feature:14&amp#27;[0m
    &amp#27;[31mGiven &amp#27;[0m&amp#27;[31mOpen firefox and start application&amp#27;[0m              &amp#27;[90m# SmokeClass4.Open_firefox_and_start_application()&amp#27;[0m
      &amp#27;[31morg.openqa.selenium.WebDriverException: Reached error page: about:neterror?e=dnsNotFound&u=http%3A//www.newtours.demoaut.com/&c=UTF-8&d=We%20can%E2%80%99t%20connect%20to%20the%20server%20at%20www.newtours.demoaut.com.
      Build info: version: '3.11.0', revision: 'e59cfb3', time: '2018-03-11T20:26:55.152Z'
      System info: host: 'DESKTOP-7VEO2OS', ip: '172.20.10.3', os.name: 'Windows 10', os.arch: 'amd64', os.version: '10.0', java.version: '11.0.2'
      Driver info: org.openqa.selenium.firefox.FirefoxDriver
      Capabilities {acceptInsecureCerts: true, browserName: firefox, browserVersion: 77.0.1, javascriptEnabled: true, moz:accessibilityChecks: false, moz:buildID: 20200602222727, moz:geckodriverVersion: 0.26.0, moz:headless: false, moz:processID: 17176, moz:profile: C:\Users\Sai Deepika\AppDat..., moz:shutdownTimeout: 60000, moz:useNonSpecCompliantPointerOrigin: false, moz:webdriverClick: true, pageLoadStrategy: normal, platform: WINDOWS, platformName: WINDOWS, platformVersion: 10.0, rotatable: false, setWindowRect: true, strictFileInteractability: false, timeouts: {implicit: 0, pageLoad: 300000, script: 30000}, unhandledPromptBehavior: dismiss and notify}
      Session ID: 9d296aef-9ea2-4362-8ceb-83705347def9
      	at java.base/jdk.internal.reflect.NativeConstructorAccessorImpl.newInstance0(Native Method)
      	at java.base/jdk.internal.reflect.NativeConstructorAccessorImpl.newInstance(NativeConstructorAccessorImpl.java:62)
      	at java.base/jdk.internal.reflect.DelegatingConstructorAccessorImpl.newInstance(DelegatingConstructorAccessorImpl.java:45)
      	at java.base/java.lang.reflect.Constructor.newInstance(Constructor.java:490)
      	at org.openqa.selenium.remote.http.W3CHttpResponseCodec.createException(W3CHttpResponseCodec.java:187)
      	at org.openqa.selenium.remote.http.W3CHttpResponseCodec.decode(W3CHttpResponseCodec.java:122)
      	at org.openqa.selenium.remote.http.W3CHttpResponseCodec.decode(W3CHttpResponseCodec.java:49)
      	at org.openqa.selenium.remote.HttpCommandExecutor.execute(HttpCommandExecutor.java:158)
      	at org.openqa.selenium.remote.service.DriverCommandExecutor.execute(DriverCommandExecutor.java:83)
      	at org.openqa.selenium.remote.RemoteWebDriver.execute(RemoteWebDriver.java:545)
      	at org.openqa.selenium.remote.RemoteWebDriver.get(RemoteWebDriver.java:273)
      	at Stepdefinitions.SmokeClass4.Open_firefox_and_start_application(SmokeClass4.java:25)
      	at ?.Given Open firefox and start application(src/test/resources/Feature/login.feature:5)
      &amp#27;[0m
    &amp#27;[36mWhen &amp#27;[0m&amp#27;[36mI provide valid "&amp#27;[0m&amp#27;[36m&amp#27;[1mdemo1&amp#27;[0m&amp#27;[36m" and "&amp#27;[0m&amp#27;[36m&amp#27;[1mdemo1&amp#27;[0m&amp#27;[36m"&amp#27;[0m              &amp#27;[90m# SmokeClass4.I_provide_valid_Username_and_Password(String,String)&amp#27;[0m
    &amp#27;[36mThen &amp#27;[0m&amp#27;[36mUser should be able to login successfully&amp#27;[0m        &amp#27;[90m# SmokeClass4.User_should_be_able_to_login_successfully()&amp#27;[0m
    &amp#27;[36mThen &amp#27;[0m&amp#27;[36mApplication closed&amp#27;[0m                               &amp#27;[90m# SmokeClass4.application_closed()&amp#27;[0m

  Scenario Outline: Test Facebook with valid Creditionals &amp#27;[90m# src/test/resources/Feature/login.feature:15&amp#27;[0m
    &amp#27;[31mGiven &amp#27;[0m&amp#27;[31mOpen firefox and start application&amp#27;[0m              &amp#27;[90m# SmokeClass4.Open_firefox_and_start_application()&amp#27;[0m
      &amp#27;[31morg.openqa.selenium.WebDriverException: Reached error page: about:neterror?e=dnsNotFound&u=http%3A//www.newtours.demoaut.com/&c=UTF-8&d=We%20can%E2%80%99t%20connect%20to%20the%20server%20at%20www.newtours.demoaut.com.
      Build info: version: '3.11.0', revision: 'e59cfb3', time: '2018-03-11T20:26:55.152Z'
      System info: host: 'DESKTOP-7VEO2OS', ip: '172.20.10.3', os.name: 'Windows 10', os.arch: 'amd64', os.version: '10.0', java.version: '11.0.2'
      Driver info: org.openqa.selenium.firefox.FirefoxDriver
      Capabilities {acceptInsecureCerts: true, browserName: firefox, browserVersion: 77.0.1, javascriptEnabled: true, moz:accessibilityChecks: false, moz:buildID: 20200602222727, moz:geckodriverVersion: 0.26.0, moz:headless: false, moz:processID: 23104, moz:profile: C:\Users\Sai Deepika\AppDat..., moz:shutdownTimeout: 60000, moz:useNonSpecCompliantPointerOrigin: false, moz:webdriverClick: true, pageLoadStrategy: normal, platform: WINDOWS, platformName: WINDOWS, platformVersion: 10.0, rotatable: false, setWindowRect: true, strictFileInteractability: false, timeouts: {implicit: 0, pageLoad: 300000, script: 30000}, unhandledPromptBehavior: dismiss and notify}
      Session ID: b20e8b48-3d51-4a76-8172-20140dacde5c
      	at java.base/jdk.internal.reflect.NativeConstructorAccessorImpl.newInstance0(Native Method)
      	at java.base/jdk.internal.reflect.NativeConstructorAccessorImpl.newInstance(NativeConstructorAccessorImpl.java:62)
      	at java.base/jdk.internal.reflect.DelegatingConstructorAccessorImpl.newInstance(DelegatingConstructorAccessorImpl.java:45)
      	at java.base/java.lang.reflect.Constructor.newInstance(Constructor.java:490)
      	at org.openqa.selenium.remote.http.W3CHttpResponseCodec.createException(W3CHttpResponseCodec.java:187)
      	at org.openqa.selenium.remote.http.W3CHttpResponseCodec.decode(W3CHttpResponseCodec.java:122)
      	at org.openqa.selenium.remote.http.W3CHttpResponseCodec.decode(W3CHttpResponseCodec.java:49)
      	at org.openqa.selenium.remote.HttpCommandExecutor.execute(HttpCommandExecutor.java:158)
      	at org.openqa.selenium.remote.service.DriverCommandExecutor.execute(DriverCommandExecutor.java:83)
      	at org.openqa.selenium.remote.RemoteWebDriver.execute(RemoteWebDriver.java:545)
      	at org.openqa.selenium.remote.RemoteWebDriver.get(RemoteWebDriver.java:273)
      	at Stepdefinitions.SmokeClass4.Open_firefox_and_start_application(SmokeClass4.java:25)
      	at ?.Given Open firefox and start application(src/test/resources/Feature/login.feature:5)
      &amp#27;[0m
    &amp#27;[36mWhen &amp#27;[0m&amp#27;[36mI provide valid "&amp#27;[0m&amp#27;[36m&amp#27;[1mdemo&amp#27;[0m&amp#27;[36m" and "&amp#27;[0m&amp#27;[36m&amp#27;[1mdemo&amp#27;[0m&amp#27;[36m"&amp#27;[0m                &amp#27;[90m# SmokeClass4.I_provide_valid_Username_and_Password(String,String)&amp#27;[0m
    &amp#27;[36mThen &amp#27;[0m&amp#27;[36mUser should be able to login successfully&amp#27;[0m        &amp#27;[90m# SmokeClass4.User_should_be_able_to_login_successfully()&amp#27;[0m
    &amp#27;[36mThen &amp#27;[0m&amp#27;[36mApplication closed&amp#27;[0m                               &amp#27;[90m# SmokeClass4.application_closed()&amp#27;[0m

  Scenario Outline: Test Facebook with valid Creditionals &amp#27;[90m# src/test/resources/Feature/login.feature:16&amp#27;[0m
    &amp#27;[31mGiven &amp#27;[0m&amp#27;[31mOpen firefox and start application&amp#27;[0m              &amp#27;[90m# SmokeClass4.Open_firefox_and_start_application()&amp#27;[0m
      &amp#27;[31morg.openqa.selenium.WebDriverException: Reached error page: about:neterror?e=dnsNotFound&u=http%3A//www.newtours.demoaut.com/&c=UTF-8&d=We%20can%E2%80%99t%20connect%20to%20the%20server%20at%20www.newtours.demoaut.com.
      Build info: version: '3.11.0', revision: 'e59cfb3', time: '2018-03-11T20:26:55.152Z'
      System info: host: 'DESKTOP-7VEO2OS', ip: '172.20.10.3', os.name: 'Windows 10', os.arch: 'amd64', os.version: '10.0', java.version: '11.0.2'
      Driver info: org.openqa.selenium.firefox.FirefoxDriver
      Capabilities {acceptInsecureCerts: true, browserName: firefox, browserVersion: 77.0.1, javascriptEnabled: true, moz:accessibilityChecks: false, moz:buildID: 20200602222727, moz:geckodriverVersion: 0.26.0, moz:headless: false, moz:processID: 21648, moz:profile: C:\Users\Sai Deepika\AppDat..., moz:shutdownTimeout: 60000, moz:useNonSpecCompliantPointerOrigin: false, moz:webdriverClick: true, pageLoadStrategy: normal, platform: WINDOWS, platformName: WINDOWS, platformVersion: 10.0, rotatable: false, setWindowRect: true, strictFileInteractability: false, timeouts: {implicit: 0, pageLoad: 300000, script: 30000}, unhandledPromptBehavior: dismiss and notify}
      Session ID: 6f3686f3-5500-46e3-9348-50eec083972f
      	at java.base/jdk.internal.reflect.NativeConstructorAccessorImpl.newInstance0(Native Method)
      	at java.base/jdk.internal.reflect.NativeConstructorAccessorImpl.newInstance(NativeConstructorAccessorImpl.java:62)
      	at java.base/jdk.internal.reflect.DelegatingConstructorAccessorImpl.newInstance(DelegatingConstructorAccessorImpl.java:45)
      	at java.base/java.lang.reflect.Constructor.newInstance(Constructor.java:490)
      	at org.openqa.selenium.remote.http.W3CHttpResponseCodec.createException(W3CHttpResponseCodec.java:187)
      	at org.openqa.selenium.remote.http.W3CHttpResponseCodec.decode(W3CHttpResponseCodec.java:122)
      	at org.openqa.selenium.remote.http.W3CHttpResponseCodec.decode(W3CHttpResponseCodec.java:49)
      	at org.openqa.selenium.remote.HttpCommandExecutor.execute(HttpCommandExecutor.java:158)
      	at org.openqa.selenium.remote.service.DriverCommandExecutor.execute(DriverCommandExecutor.java:83)
      	at org.openqa.selenium.remote.RemoteWebDriver.execute(RemoteWebDriver.java:545)
      	at org.openqa.selenium.remote.RemoteWebDriver.get(RemoteWebDriver.java:273)
      	at Stepdefinitions.SmokeClass4.Open_firefox_and_start_application(SmokeClass4.java:25)
      	at ?.Given Open firefox and start application(src/test/resources/Feature/login.feature:5)
      &amp#27;[0m
    &amp#27;[36mWhen &amp#27;[0m&amp#27;[36mI provide valid "&amp#27;[0m&amp#27;[36m&amp#27;[1mvalue&amp#27;[0m&amp#27;[36m" and "&amp#27;[0m&amp#27;[36m&amp#27;[1mvalue&amp#27;[0m&amp#27;[36m"&amp#27;[0m              &amp#27;[90m# SmokeClass4.I_provide_valid_Username_and_Password(String,String)&amp#27;[0m
    &amp#27;[36mThen &amp#27;[0m&amp#27;[36mUser should be able to login successfully&amp#27;[0m        &amp#27;[90m# SmokeClass4.User_should_be_able_to_login_successfully()&amp#27;[0m
    &amp#27;[36mThen &amp#27;[0m&amp#27;[36mApplication closed&amp#27;[0m                               &amp#27;[90m# SmokeClass4.application_closed()&amp#27;[0m
]]></system-out>
    <system-err><![CDATA[1595169155528	mozrunner::runner	INFO	Running command: "C:\\Program Files\\Mozilla Firefox\\firefox.exe" "-marionette" "-foreground" "-no-remote" "-profile" "C:\\Users\\Sai Deepika\\AppData\\Local\\Temp\\rust_mozprofilearJzuI"
JavaScript error: resource://gre/modules/XULStore.jsm, line 66: Error: Can't find profile directory.
1595169164075	Marionette	INFO	Listening on port 63023
1595169164515	Marionette	WARN	TLS certificate errors will be ignored for this session
Jul 19, 2020 8:02:44 PM org.openqa.selenium.remote.ProtocolHandshake createSession
INFO: Detected dialect: W3C
JavaScript error: resource://gre/modules/URIFixup.jsm, line 203: NS_ERROR_FAILURE: Should pass a non-null uri
1595169186105	mozrunner::runner	INFO	Running command: "C:\\Program Files\\Mozilla Firefox\\firefox.exe" "-marionette" "-foreground" "-no-remote" "-profile" "C:\\Users\\Sai Deepika\\AppData\\Local\\Temp\\rust_mozprofileFjSgOU"
JavaScript error: resource://gre/modules/XULStore.jsm, line 66: Error: Can't find profile directory.
1595169192373	Marionette	INFO	Listening on port 63064
[Parent 23104, Gecko_IOThread] WARNING: file /builds/worker/checkouts/gecko/ipc/chromium/src/base/process_util_win.cc, line 166
1595169192440	Marionette	WARN	TLS certificate errors will be ignored for this session
Jul 19, 2020 8:03:12 PM org.openqa.selenium.remote.ProtocolHandshake createSession
INFO: Detected dialect: W3C
JavaScript error: resource://gre/modules/URIFixup.jsm, line 203: NS_ERROR_FAILURE: Should pass a non-null uri
1595169202727	mozrunner::runner	INFO	Running command: "C:\\Program Files\\Mozilla Firefox\\firefox.exe" "-marionette" "-foreground" "-no-remote" "-profile" "C:\\Users\\Sai Deepika\\AppData\\Local\\Temp\\rust_mozprofileLjbxKv"
JavaScript error: resource://gre/modules/XULStore.jsm, line 66: Error: Can't find profile directory.
1595169215977	Marionette	INFO	Listening on port 63116
1595169216454	Marionette	WARN	TLS certificate errors will be ignored for this session
Jul 19, 2020 8:03:36 PM org.openqa.selenium.remote.ProtocolHandshake createSession
INFO: Detected dialect: W3C
JavaScript error: resource://gre/modules/URIFixup.jsm, line 203: NS_ERROR_FAILURE: Should pass a non-null uri
]]></system-err>
  </testcase>
</testsuite>